Determining if the pthread_create exist failed with the following output:
Change Dir: /home/joker/Schreibtisch/christian03-assignments/uebung10/aufgabe4/CMakeFiles/CMakeTmp

Run Build Command:"/usr/bin/make" "cmTryCompileExec709148180/fast"
/usr/bin/make -f CMakeFiles/cmTryCompileExec709148180.dir/build.make CMakeFiles/cmTryCompileExec709148180.dir/build
make[1]: Entering directory '/home/joker/Schreibtisch/christian03-assignments/uebung10/aufgabe4/CMakeFiles/CMakeTmp'
/usr/bin/cmake -E cmake_progress_report /home/joker/Schreibtisch/christian03-assignments/uebung10/aufgabe4/CMakeFiles/CMakeTmp/CMakeFiles 1
Building C object CMakeFiles/cmTryCompileExec709148180.dir/CheckSymbolExists.c.o
/usr/bin/cc    -o CMakeFiles/cmTryCompileExec709148180.dir/CheckSymbolExists.c.o   -c /home/joker/Schreibtisch/christian03-assignments/uebung10/aufgabe4/CMakeFiles/CMakeTmp/CheckSymbolExists.c
Linking C executable cmTryCompileExec709148180
/usr/bin/cmake -E cmake_link_script CMakeFiles/cmTryCompileExec709148180.dir/link.txt --verbose=1
/usr/bin/cc       CMakeFiles/cmTryCompileExec709148180.dir/CheckSymbolExists.c.o  -o cmTryCompileExec709148180 -rdynamic 
CMakeFiles/cmTryCompileExec709148180.dir/CheckSymbolExists.c.o: In Funktion `main':
CheckSymbolExists.c:(.text+0xa): Nicht definierter Verweis auf `pthread_create'
collect2: error: ld returned 1 exit status
CMakeFiles/cmTryCompileExec709148180.dir/build.make:88: recipe for target 'cmTryCompileExec709148180' failed
make[1]: Leaving directory '/home/joker/Schreibtisch/christian03-assignments/uebung10/aufgabe4/CMakeFiles/CMakeTmp'
make[1]: *** [cmTryCompileExec709148180] Error 1
Makefile:118: recipe for target 'cmTryCompileExec709148180/fast' failed
make: *** [cmTryCompileExec709148180/fast] Error 2

File /home/joker/Schreibtisch/christian03-assignments/uebung10/aufgabe4/CMakeFiles/CMakeTmp/CheckSymbolExists.c:
/* */
#include <pthread.h>

int main(int argc, char** argv)
{
  (void)argv;
#ifndef pthread_create
  return ((int*)(&pthread_create))[argc];
#else
  (void)argc;
  return 0;
#endif
}

Determining if the function pthread_create exists in the pthreads failed with the following output:
Change Dir: /home/joker/Schreibtisch/christian03-assignments/uebung10/aufgabe4/CMakeFiles/CMakeTmp

Run Build Command:"/usr/bin/make" "cmTryCompileExec3903143289/fast"
/usr/bin/make -f CMakeFiles/cmTryCompileExec3903143289.dir/build.make CMakeFiles/cmTryCompileExec3903143289.dir/build
make[1]: Entering directory '/home/joker/Schreibtisch/christian03-assignments/uebung10/aufgabe4/CMakeFiles/CMakeTmp'
/usr/bin/cmake -E cmake_progress_report /home/joker/Schreibtisch/christian03-assignments/uebung10/aufgabe4/CMakeFiles/CMakeTmp/CMakeFiles 1
Building C object CMakeFiles/cmTryCompileExec3903143289.dir/CheckFunctionExists.c.o
/usr/bin/cc   -DCHECK_FUNCTION_EXISTS=pthread_create   -o CMakeFiles/cmTryCompileExec3903143289.dir/CheckFunctionExists.c.o   -c /usr/share/cmake-3.0/Modules/CheckFunctionExists.c
Linking C executable cmTryCompileExec3903143289
/usr/bin/cmake -E cmake_link_script CMakeFiles/cmTryCompileExec3903143289.dir/link.txt --verbose=1
/usr/bin/cc   -DCHECK_FUNCTION_EXISTS=pthread_create    CMakeFiles/cmTryCompileExec3903143289.dir/CheckFunctionExists.c.o  -o cmTryCompileExec3903143289 -rdynamic -lpthreads 
/usr/bin/ld: cannot find -lpthreads
collect2: error: ld returned 1 exit status
CMakeFiles/cmTryCompileExec3903143289.dir/build.make:88: recipe for target 'cmTryCompileExec3903143289' failed
make[1]: *** [cmTryCompileExec3903143289] Error 1
make[1]: Leaving directory '/home/joker/Schreibtisch/christian03-assignments/uebung10/aufgabe4/CMakeFiles/CMakeTmp'
Makefile:118: recipe for target 'cmTryCompileExec3903143289/fast' failed
make: *** [cmTryCompileExec3903143289/fast] Error 2


