Determining if the pthread_create exist failed with the following output:
Change Dir: /home/joker/Schreibtisch/christian03-assignments/uebung03/Blatt_3/Nikolaushaus/build/CMakeFiles/CMakeTmp

Run Build Command:/usr/bin/make "cmTryCompileExec3790359638/fast"
/usr/bin/make -f CMakeFiles/cmTryCompileExec3790359638.dir/build.make CMakeFiles/cmTryCompileExec3790359638.dir/build
make[1]: Verzeichnis »/home/joker/Schreibtisch/christian03-assignments/uebung03/Blatt_3/Nikolaushaus/build/CMakeFiles/CMakeTmp« wird betreten
/usr/bin/cmake -E cmake_progress_report /home/joker/Schreibtisch/christian03-assignments/uebung03/Blatt_3/Nikolaushaus/build/CMakeFiles/CMakeTmp/CMakeFiles 1
Building C object CMakeFiles/cmTryCompileExec3790359638.dir/CheckSymbolExists.c.o
/usr/bin/cc   -g -Wall    -o CMakeFiles/cmTryCompileExec3790359638.dir/CheckSymbolExists.c.o   -c /home/joker/Schreibtisch/christian03-assignments/uebung03/Blatt_3/Nikolaushaus/build/CMakeFiles/CMakeTmp/CheckSymbolExists.c
Linking C executable cmTryCompileExec3790359638
/usr/bin/cmake -E cmake_link_script CMakeFiles/cmTryCompileExec3790359638.dir/link.txt --verbose=1
/usr/bin/cc  -g -Wall     CMakeFiles/cmTryCompileExec3790359638.dir/CheckSymbolExists.c.o  -o cmTryCompileExec3790359638 -rdynamic 
CMakeFiles/cmTryCompileExec3790359638.dir/CheckSymbolExists.c.o: In Funktion `main':
/home/joker/Schreibtisch/christian03-assignments/uebung03/Blatt_3/Nikolaushaus/build/CMakeFiles/CMakeTmp/CheckSymbolExists.c:8: Nicht definierter Verweis auf `pthread_create'
collect2: error: ld returned 1 exit status
make[1]: make[1]: Verzeichnis »/home/joker/Schreibtisch/christian03-assignments/uebung03/Blatt_3/Nikolaushaus/build/CMakeFiles/CMakeTmp« wird verlassen
*** [cmTryCompileExec3790359638] Fehler 1
make: *** [cmTryCompileExec3790359638/fast] Fehler 2

File /home/joker/Schreibtisch/christian03-assignments/uebung03/Blatt_3/Nikolaushaus/build/CMakeFiles/CMakeTmp/CheckSymbolExists.c:
/* */
#include <pthread.h>

int main(int argc, char** argv)
{
  (void)argv;
#ifndef pthread_create
  return ((int*)(&pthread_create))[argc];
#else
  (void)argc;
  return 0;
#endif
}

Determining if the function pthread_create exists in the pthreads failed with the following output:
Change Dir: /home/joker/Schreibtisch/christian03-assignments/uebung03/Blatt_3/Nikolaushaus/build/CMakeFiles/CMakeTmp

Run Build Command:/usr/bin/make "cmTryCompileExec3669591934/fast"
/usr/bin/make -f CMakeFiles/cmTryCompileExec3669591934.dir/build.make CMakeFiles/cmTryCompileExec3669591934.dir/build
make[1]: Verzeichnis »/home/joker/Schreibtisch/christian03-assignments/uebung03/Blatt_3/Nikolaushaus/build/CMakeFiles/CMakeTmp« wird betreten
/usr/bin/cmake -E cmake_progress_report /home/joker/Schreibtisch/christian03-assignments/uebung03/Blatt_3/Nikolaushaus/build/CMakeFiles/CMakeTmp/CMakeFiles 1
Building C object CMakeFiles/cmTryCompileExec3669591934.dir/CheckFunctionExists.c.o
/usr/bin/cc   -g -Wall -DCHECK_FUNCTION_EXISTS=pthread_create   -o CMakeFiles/cmTryCompileExec3669591934.dir/CheckFunctionExists.c.o   -c /usr/share/cmake-2.8/Modules/CheckFunctionExists.c
Linking C executable cmTryCompileExec3669591934
/usr/bin/cmake -E cmake_link_script CMakeFiles/cmTryCompileExec3669591934.dir/link.txt --verbose=1
/usr/bin/cc  -g -Wall -DCHECK_FUNCTION_EXISTS=pthread_create    CMakeFiles/cmTryCompileExec3669591934.dir/CheckFunctionExists.c.o  -o cmTryCompileExec3669591934 -rdynamic -lpthreads 
/usr/bin/ld: cannot find -lpthreads
collect2: error: ld returned 1 exit status
make[1]: Verzeichnis »/home/joker/Schreibtisch/christian03-assignments/uebung03/Blatt_3/Nikolaushaus/build/CMakeFiles/CMakeTmp« wird verlassen
make[1]: *** [cmTryCompileExec3669591934] Fehler 1
make: *** [cmTryCompileExec3669591934/fast] Fehler 2


